<?xml version="1.0" encoding="UTF-8"?>
<coverage generated="1780989079943" clover="3.2.0">
  <project timestamp="1780989079943" name="All files">
    <metrics statements="34" coveredstatements="32" conditionals="31" coveredconditionals="29" methods="8" coveredmethods="7" elements="73" coveredelements="68" complexity="0" loc="34" ncloc="34" packages="1" files="2" classes="2"/>
    <file name="confidenceEngine.js" path="/Users/kantaponruj/smile_fokus/smile-boi/src/validation/confidenceEngine.js">
      <metrics statements="20" coveredstatements="18" conditionals="21" coveredconditionals="20" methods="5" coveredmethods="4"/>
      <line num="2" count="2" type="cond" truecount="2" falsecount="0"/>
      <line num="3" count="2" type="cond" truecount="2" falsecount="0"/>
      <line num="4" count="2" type="cond" truecount="2" falsecount="0"/>
      <line num="5" count="2" type="cond" truecount="2" falsecount="0"/>
      <line num="8" count="10" type="cond" truecount="4" falsecount="0"/>
      <line num="9" count="2" type="stmt"/>
      <line num="11" count="8" type="stmt"/>
      <line num="12" count="8" type="stmt"/>
      <line num="13" count="8" type="stmt"/>
      <line num="22" count="8" type="cond" truecount="2" falsecount="0"/>
      <line num="23" count="6" type="cond" truecount="2" falsecount="0"/>
      <line num="24" count="2" type="stmt"/>
      <line num="28" count="6" type="cond" truecount="3" falsecount="1"/>
      <line num="29" count="2" type="stmt"/>
      <line num="30" count="2" type="stmt"/>
      <line num="31" count="2" type="stmt"/>
      <line num="32" count="0" type="stmt"/>
      <line num="37" count="0" type="stmt"/>
      <line num="41" count="24" type="stmt"/>
      <line num="44" count="2" type="stmt"/>
    </file>
    <file name="schemaValidator.js" path="/Users/kantaponruj/smile_fokus/smile-boi/src/validation/schemaValidator.js">
      <metrics statements="14" coveredstatements="14" conditionals="10" coveredconditionals="9" methods="3" coveredmethods="3"/>
      <line num="2" count="2" type="stmt"/>
      <line num="3" count="2" type="stmt"/>
      <line num="5" count="2" type="stmt"/>
      <line num="6" count="2" type="stmt"/>
      <line num="8" count="2" type="stmt"/>
      <line num="50" count="2" type="stmt"/>
      <line num="53" count="12" type="stmt"/>
      <line num="54" count="12" type="cond" truecount="2" falsecount="0"/>
      <line num="55" count="6" type="cond" truecount="2" falsecount="0"/>
      <line num="57" count="6" type="cond" truecount="4" falsecount="0"/>
      <line num="58" count="2" type="stmt"/>
      <line num="60" count="4" type="stmt"/>
      <line num="64" count="2" type="stmt"/>
      <line num="74" count="2" type="stmt"/>
    </file>
  </project>
</coverage>
