{"/Users/kantaponruj/smile_fokus/smile-boi/src/validation/confidenceEngine.js": {"path":"/Users/kantaponruj/smile_fokus/smile-boi/src/validation/confidenceEngine.js","statementMap":{"0":{"start":{"line":2,"column":22},"end":{"line":2,"column":79}},"1":{"start":{"line":3,"column":22},"end":{"line":3,"column":79}},"2":{"start":{"line":4,"column":23},"end":{"line":4,"column":81}},"3":{"start":{"line":5,"column":23},"end":{"line":5,"column":81}},"4":{"start":{"line":8,"column":2},"end":{"line":10,"column":3}},"5":{"start":{"line":9,"column":4},"end":{"line":9,"column":57}},"6":{"start":{"line":11,"column":24},"end":{"line":11,"column":84}},"7":{"start":{"line":12,"column":16},"end":{"line":12,"column":49}},"8":{"start":{"line":13,"column":2},"end":{"line":18,"column":4}},"9":{"start":{"line":22,"column":2},"end":{"line":22,"column":45}},"10":{"start":{"line":22,"column":31},"end":{"line":22,"column":45}},"11":{"start":{"line":23,"column":2},"end":{"line":23,"column":47}},"12":{"start":{"line":23,"column":31},"end":{"line":23,"column":47}},"13":{"start":{"line":24,"column":2},"end":{"line":24,"column":15}},"14":{"start":{"line":28,"column":2},"end":{"line":33,"column":3}},"15":{"start":{"line":29,"column":19},"end":{"line":29,"column":32}},"16":{"start":{"line":30,"column":19},"end":{"line":30,"column":42}},"17":{"start":{"line":31,"column":19},"end":{"line":31,"column":35}},"18":{"start":{"line":32,"column":19},"end":{"line":32,"column":35}},"19":{"start":{"line":37,"column":2},"end":{"line":37,"column":42}},"20":{"start":{"line":41,"column":2},"end":{"line":41,"column":59}},"21":{"start":{"line":44,"column":0},"end":{"line":44,"column":91}}},"fnMap":{"0":{"name":"calculateConfidence","decl":{"start":{"line":7,"column":9},"end":{"line":7,"column":28}},"loc":{"start":{"line":7,"column":61},"end":{"line":19,"column":1}},"line":7},"1":{"name":"getConfidenceLevel","decl":{"start":{"line":21,"column":9},"end":{"line":21,"column":27}},"loc":{"start":{"line":21,"column":35},"end":{"line":25,"column":1}},"line":21},"2":{"name":"decideAction","decl":{"start":{"line":27,"column":9},"end":{"line":27,"column":21}},"loc":{"start":{"line":27,"column":40},"end":{"line":34,"column":1}},"line":27},"3":{"name":"shouldEscalate","decl":{"start":{"line":36,"column":9},"end":{"line":36,"column":23}},"loc":{"start":{"line":36,"column":42},"end":{"line":38,"column":1}},"line":36},"4":{"name":"round","decl":{"start":{"line":40,"column":9},"end":{"line":40,"column":14}},"loc":{"start":{"line":40,"column":34},"end":{"line":42,"column":1}},"line":40}},"branchMap":{"0":{"loc":{"start":{"line":2,"column":33},"end":{"line":2,"column":78}},"type":"binary-expr","locations":[{"start":{"line":2,"column":33},"end":{"line":2,"column":69}},{"start":{"line":2,"column":73},"end":{"line":2,"column":78}}],"line":2},"1":{"loc":{"start":{"line":3,"column":33},"end":{"line":3,"column":78}},"type":"binary-expr","locations":[{"start":{"line":3,"column":33},"end":{"line":3,"column":66}},{"start":{"line":3,"column":73},"end":{"line":3,"column":78}}],"line":3},"2":{"loc":{"start":{"line":4,"column":34},"end":{"line":4,"column":80}},"type":"binary-expr","locations":[{"start":{"line":4,"column":34},"end":{"line":4,"column":66}},{"start":{"line":4,"column":75},"end":{"line":4,"column":80}}],"line":4},"3":{"loc":{"start":{"line":5,"column":34},"end":{"line":5,"column":80}},"type":"binary-expr","locations":[{"start":{"line":5,"column":34},"end":{"line":5,"column":71}},{"start":{"line":5,"column":75},"end":{"line":5,"column":80}}],"line":5},"4":{"loc":{"start":{"line":8,"column":2},"end":{"line":10,"column":3}},"type":"if","locations":[{"start":{"line":8,"column":2},"end":{"line":10,"column":3}},{"start":{},"end":{}}],"line":8},"5":{"loc":{"start":{"line":8,"column":6},"end":{"line":8,"column":78}},"type":"binary-expr","locations":[{"start":{"line":8,"column":6},"end":{"line":8,"column":42}},{"start":{"line":8,"column":46},"end":{"line":8,"column":78}}],"line":8},"6":{"loc":{"start":{"line":22,"column":2},"end":{"line":22,"column":45}},"type":"if","locations":[{"start":{"line":22,"column":2},"end":{"line":22,"column":45}},{"start":{},"end":{}}],"line":22},"7":{"loc":{"start":{"line":23,"column":2},"end":{"line":23,"column":47}},"type":"if","locations":[{"start":{"line":23,"column":2},"end":{"line":23,"column":47}},{"start":{},"end":{}}],"line":23},"8":{"loc":{"start":{"line":28,"column":2},"end":{"line":33,"column":3}},"type":"switch","locations":[{"start":{"line":29,"column":4},"end":{"line":29,"column":32}},{"start":{"line":30,"column":4},"end":{"line":30,"column":42}},{"start":{"line":31,"column":4},"end":{"line":31,"column":35}},{"start":{"line":32,"column":4},"end":{"line":32,"column":35}}],"line":28},"9":{"loc":{"start":{"line":40,"column":20},"end":{"line":40,"column":32}},"type":"default-arg","locations":[{"start":{"line":40,"column":31},"end":{"line":40,"column":32}}],"line":40}},"s":{"0":2,"1":2,"2":2,"3":2,"4":10,"5":2,"6":8,"7":8,"8":8,"9":8,"10":2,"11":6,"12":4,"13":2,"14":6,"15":2,"16":2,"17":2,"18":0,"19":0,"20":24,"21":2},"f":{"0":10,"1":8,"2":6,"3":0,"4":24},"b":{"0":[2,2],"1":[2,2],"2":[2,2],"3":[2,2],"4":[2,8],"5":[10,8],"6":[2,6],"7":[4,2],"8":[2,2,2,0],"9":[24]},"_coverageSchema":"1a1c01bbd47fc00a2c39e90264f33305004495a9","hash":"819cfcd042e6cc2b5b61a432a83ccac9e35c0a4f"}
,"/Users/kantaponruj/smile_fokus/smile-boi/src/validation/schemaValidator.js": {"path":"/Users/kantaponruj/smile_fokus/smile-boi/src/validation/schemaValidator.js","statementMap":{"0":{"start":{"line":2,"column":12},"end":{"line":2,"column":26}},"1":{"start":{"line":3,"column":19},"end":{"line":3,"column":41}},"2":{"start":{"line":5,"column":12},"end":{"line":5,"column":54}},"3":{"start":{"line":6,"column":0},"end":{"line":6,"column":16}},"4":{"start":{"line":8,"column":21},"end":{"line":48,"column":1}},"5":{"start":{"line":50,"column":17},"end":{"line":50,"column":42}},"6":{"start":{"line":53,"column":16},"end":{"line":53,"column":32}},"7":{"start":{"line":54,"column":2},"end":{"line":56,"column":3}},"8":{"start":{"line":55,"column":4},"end":{"line":55,"column":107}},"9":{"start":{"line":55,"column":60},"end":{"line":55,"column":103}},"10":{"start":{"line":57,"column":2},"end":{"line":59,"column":3}},"11":{"start":{"line":58,"column":4},"end":{"line":58,"column":107}},"12":{"start":{"line":60,"column":2},"end":{"line":60,"column":39}},"13":{"start":{"line":64,"column":2},"end":{"line":71,"column":4}},"14":{"start":{"line":74,"column":0},"end":{"line":74,"column":70}}},"fnMap":{"0":{"name":"validateOutput","decl":{"start":{"line":52,"column":9},"end":{"line":52,"column":23}},"loc":{"start":{"line":52,"column":32},"end":{"line":61,"column":1}},"line":52},"1":{"name":"(anonymous_1)","decl":{"start":{"line":55,"column":55},"end":{"line":55,"column":56}},"loc":{"start":{"line":55,"column":60},"end":{"line":55,"column":103}},"line":55},"2":{"name":"buildRefusalOutput","decl":{"start":{"line":63,"column":9},"end":{"line":63,"column":27}},"loc":{"start":{"line":63,"column":36},"end":{"line":72,"column":1}},"line":63}},"branchMap":{"0":{"loc":{"start":{"line":54,"column":2},"end":{"line":56,"column":3}},"type":"if","locations":[{"start":{"line":54,"column":2},"end":{"line":56,"column":3}},{"start":{},"end":{}}],"line":54},"1":{"loc":{"start":{"line":55,"column":63},"end":{"line":55,"column":87}},"type":"binary-expr","locations":[{"start":{"line":55,"column":63},"end":{"line":55,"column":77}},{"start":{"line":55,"column":81},"end":{"line":55,"column":87}}],"line":55},"2":{"loc":{"start":{"line":57,"column":2},"end":{"line":59,"column":3}},"type":"if","locations":[{"start":{"line":57,"column":2},"end":{"line":59,"column":3}},{"start":{},"end":{}}],"line":57},"3":{"loc":{"start":{"line":57,"column":6},"end":{"line":57,"column":85}},"type":"binary-expr","locations":[{"start":{"line":57,"column":6},"end":{"line":57,"column":46}},{"start":{"line":57,"column":50},"end":{"line":57,"column":85}}],"line":57},"4":{"loc":{"start":{"line":68,"column":25},"end":{"line":68,"column":77}},"type":"binary-expr","locations":[{"start":{"line":68,"column":25},"end":{"line":68,"column":31}},{"start":{"line":68,"column":35},"end":{"line":68,"column":77}}],"line":68}},"s":{"0":2,"1":2,"2":2,"3":2,"4":2,"5":2,"6":12,"7":12,"8":6,"9":6,"10":6,"11":2,"12":4,"13":2,"14":2},"f":{"0":12,"1":6,"2":2},"b":{"0":[6,6],"1":[6,2],"2":[2,4],"3":[6,4],"4":[2,0]},"_coverageSchema":"1a1c01bbd47fc00a2c39e90264f33305004495a9","hash":"df019bc393fed0e2bb7a132250c70040f4145b6d"}
}
