TN:
SF:src/validation/confidenceEngine.js
FN:7,calculateConfidence
FN:21,getConfidenceLevel
FN:27,decideAction
FN:36,shouldEscalate
FN:40,round
FNF:5
FNH:4
FNDA:10,calculateConfidence
FNDA:8,getConfidenceLevel
FNDA:6,decideAction
FNDA:0,shouldEscalate
FNDA:24,round
DA:2,2
DA:3,2
DA:4,2
DA:5,2
DA:8,10
DA:9,2
DA:11,8
DA:12,8
DA:13,8
DA:22,8
DA:23,6
DA:24,2
DA:28,6
DA:29,2
DA:30,2
DA:31,2
DA:32,0
DA:37,0
DA:41,24
DA:44,2
LF:20
LH:18
BRDA:2,0,0,2
BRDA:2,0,1,2
BRDA:3,1,0,2
BRDA:3,1,1,2
BRDA:4,2,0,2
BRDA:4,2,1,2
BRDA:5,3,0,2
BRDA:5,3,1,2
BRDA:8,4,0,2
BRDA:8,4,1,8
BRDA:8,5,0,10
BRDA:8,5,1,8
BRDA:22,6,0,2
BRDA:22,6,1,6
BRDA:23,7,0,4
BRDA:23,7,1,2
BRDA:28,8,0,2
BRDA:28,8,1,2
BRDA:28,8,2,2
BRDA:28,8,3,0
BRDA:40,9,0,24
BRF:21
BRH:20
end_of_record
TN:
SF:src/validation/schemaValidator.js
FN:52,validateOutput
FN:55,(anonymous_1)
FN:63,buildRefusalOutput
FNF:3
FNH:3
FNDA:12,validateOutput
FNDA:6,(anonymous_1)
FNDA:2,buildRefusalOutput
DA:2,2
DA:3,2
DA:5,2
DA:6,2
DA:8,2
DA:50,2
DA:53,12
DA:54,12
DA:55,6
DA:57,6
DA:58,2
DA:60,4
DA:64,2
DA:74,2
LF:14
LH:14
BRDA:54,0,0,6
BRDA:54,0,1,6
BRDA:55,1,0,6
BRDA:55,1,1,2
BRDA:57,2,0,2
BRDA:57,2,1,4
BRDA:57,3,0,6
BRDA:57,3,1,4
BRDA:68,4,0,2
BRDA:68,4,1,0
BRF:10
BRH:9
end_of_record
